/home/harry/Documents/Real_antosim/AntoSim/antobot_ant_description/install/antobot_ant_description/lib/python3.10/site-packages/antobot_ant_description/ros_camera_flask_server.py
/home/harry/Documents/Real_antosim/AntoSim/antobot_ant_description/install/antobot_ant_description/lib/python3.10/site-packages/antobot_ant_description/__init__.py
/home/harry/Documents/Real_antosim/AntoSim/antobot_ant_description/install/antobot_ant_description/lib/python3.10/site-packages/antobot_ant_description/mqtt_joystick_controller.py
/home/harry/Documents/Real_antosim/AntoSim/antobot_ant_description/install/antobot_ant_description/lib/python3.10/site-packages/antobot_ant_description/__pycache__/ros_camera_flask_server.cpython-310.pyc
/home/harry/Documents/Real_antosim/AntoSim/antobot_ant_description/install/antobot_ant_description/lib/python3.10/site-packages/antobot_ant_description/__pycache__/__init__.cpython-310.pyc
/home/harry/Documents/Real_antosim/AntoSim/antobot_ant_description/install/antobot_ant_description/lib/python3.10/site-packages/antobot_ant_description/__pycache__/mqtt_joystick_controller.cpython-310.pyc
/home/harry/Documents/Real_antosim/AntoSim/antobot_ant_description/install/antobot_ant_description/share/ament_index/resource_index/packages/antobot_ant_description
/home/harry/Documents/Real_antosim/AntoSim/antobot_ant_description/install/antobot_ant_description/share/antobot_ant_description/package.xml
/home/harry/Documents/Real_antosim/AntoSim/antobot_ant_description/install/antobot_ant_description/share/antobot_ant_description/launch/gazebo.launch.py
/home/harry/Documents/Real_antosim/AntoSim/antobot_ant_description/install/antobot_ant_description/share/antobot_ant_description/launch/display.launch.py
/home/harry/Documents/Real_antosim/AntoSim/antobot_ant_description/install/antobot_ant_description/share/antobot_ant_description/launch/full_system.launch.py
/home/harry/Documents/Real_antosim/AntoSim/antobot_ant_description/install/antobot_ant_description/share/antobot_ant_description/urdf/lidar.xacro
/home/harry/Documents/Real_antosim/AntoSim/antobot_ant_description/install/antobot_ant_description/share/antobot_ant_description/urdf/materials.xacro
/home/harry/Documents/Real_antosim/AntoSim/antobot_ant_description/install/antobot_ant_description/share/antobot_ant_description/urdf/antobot_ant.gazebo
/home/harry/Documents/Real_antosim/AntoSim/antobot_ant_description/install/antobot_ant_description/share/antobot_ant_description/urdf/camera.xacro
/home/harry/Documents/Real_antosim/AntoSim/antobot_ant_description/install/antobot_ant_description/share/antobot_ant_description/urdf/antobot_ant.xacro
/home/harry/Documents/Real_antosim/AntoSim/antobot_ant_description/install/antobot_ant_description/share/antobot_ant_description/urdf/2d-lidar.xacro
/home/harry/Documents/Real_antosim/AntoSim/antobot_ant_description/install/antobot_ant_description/share/antobot_ant_description/meshes/rear_camera_1.stl
/home/harry/Documents/Real_antosim/AntoSim/antobot_ant_description/install/antobot_ant_description/share/antobot_ant_description/meshes/wheelTR_1R.stl
/home/harry/Documents/Real_antosim/AntoSim/antobot_ant_description/install/antobot_ant_description/share/antobot_ant_description/meshes/wheelTL_1.stl
/home/harry/Documents/Real_antosim/AntoSim/antobot_ant_description/install/antobot_ant_description/share/antobot_ant_description/meshes/base_link_R.stl
/home/harry/Documents/Real_antosim/AntoSim/antobot_ant_description/install/antobot_ant_description/share/antobot_ant_description/meshes/wheelBR_1.stl
/home/harry/Documents/Real_antosim/AntoSim/antobot_ant_description/install/antobot_ant_description/share/antobot_ant_description/meshes/wheelBR_1R.stl
/home/harry/Documents/Real_antosim/AntoSim/antobot_ant_description/install/antobot_ant_description/share/antobot_ant_description/meshes/wheelTL_1R.stl
/home/harry/Documents/Real_antosim/AntoSim/antobot_ant_description/install/antobot_ant_description/share/antobot_ant_description/meshes/front_camera_1.stl
/home/harry/Documents/Real_antosim/AntoSim/antobot_ant_description/install/antobot_ant_description/share/antobot_ant_description/meshes/wheelBL_1R.stl
/home/harry/Documents/Real_antosim/AntoSim/antobot_ant_description/install/antobot_ant_description/share/antobot_ant_description/meshes/Leishen_C16_Bottom_Connector_1.stl
/home/harry/Documents/Real_antosim/AntoSim/antobot_ant_description/install/antobot_ant_description/share/antobot_ant_description/meshes/wheelBL_1.stl
/home/harry/Documents/Real_antosim/AntoSim/antobot_ant_description/install/antobot_ant_description/share/antobot_ant_description/meshes/base_link.stl
/home/harry/Documents/Real_antosim/AntoSim/antobot_ant_description/install/antobot_ant_description/share/antobot_ant_description/meshes/wheelTR_1.stl
/home/harry/Documents/Real_antosim/AntoSim/antobot_ant_description/install/antobot_ant_description/share/antobot_ant_description/config/display.rviz
/home/harry/Documents/Real_antosim/AntoSim/antobot_ant_description/install/antobot_ant_description/share/antobot_ant_description/worlds/agriculture.world
/home/harry/Documents/Real_antosim/AntoSim/antobot_ant_description/install/antobot_ant_description/share/antobot_ant_description/worlds/agriculture.world
/home/harry/Documents/Real_antosim/AntoSim/antobot_ant_description/install/antobot_ant_description/lib/python3.10/site-packages/antobot_ant_description-0.0.0-py3.10.egg-info/top_level.txt
/home/harry/Documents/Real_antosim/AntoSim/antobot_ant_description/install/antobot_ant_description/lib/python3.10/site-packages/antobot_ant_description-0.0.0-py3.10.egg-info/zip-safe
/home/harry/Documents/Real_antosim/AntoSim/antobot_ant_description/install/antobot_ant_description/lib/python3.10/site-packages/antobot_ant_description-0.0.0-py3.10.egg-info/PKG-INFO
/home/harry/Documents/Real_antosim/AntoSim/antobot_ant_description/install/antobot_ant_description/lib/python3.10/site-packages/antobot_ant_description-0.0.0-py3.10.egg-info/dependency_links.txt
/home/harry/Documents/Real_antosim/AntoSim/antobot_ant_description/install/antobot_ant_description/lib/python3.10/site-packages/antobot_ant_description-0.0.0-py3.10.egg-info/SOURCES.txt
/home/harry/Documents/Real_antosim/AntoSim/antobot_ant_description/install/antobot_ant_description/lib/python3.10/site-packages/antobot_ant_description-0.0.0-py3.10.egg-info/entry_points.txt
/home/harry/Documents/Real_antosim/AntoSim/antobot_ant_description/install/antobot_ant_description/lib/python3.10/site-packages/antobot_ant_description-0.0.0-py3.10.egg-info/requires.txt
/home/harry/Documents/Real_antosim/AntoSim/antobot_ant_description/install/antobot_ant_description/lib/antobot_ant_description/mqtt_joystick_controller
/home/harry/Documents/Real_antosim/AntoSim/antobot_ant_description/install/antobot_ant_description/lib/antobot_ant_description/ros_camera_flask
