running egg_info
writing build/antobot_ant_description/antobot_ant_description.egg-info/PKG-INFO
writing dependency_links to build/antobot_ant_description/antobot_ant_description.egg-info/dependency_links.txt
writing entry points to build/antobot_ant_description/antobot_ant_description.egg-info/entry_points.txt
writing requirements to build/antobot_ant_description/antobot_ant_description.egg-info/requires.txt
writing top-level names to build/antobot_ant_description/antobot_ant_description.egg-info/top_level.txt
reading manifest file 'build/antobot_ant_description/antobot_ant_description.egg-info/SOURCES.txt'
writing manifest file 'build/antobot_ant_description/antobot_ant_description.egg-info/SOURCES.txt'
running build
running build_py
running install
running install_lib
running install_data
copying launch/full_system.launch.py -> /home/harry/Documents/Real_antosim/AntoSim/antobot_ant_description/install/antobot_ant_description/share/antobot_ant_description/launch
running install_egg_info
removing '/home/harry/Documents/Real_antosim/AntoSim/antobot_ant_description/install/antobot_ant_description/lib/python3.10/site-packages/antobot_ant_description-0.0.0-py3.10.egg-info' (and everything under it)
Copying build/antobot_ant_description/antobot_ant_description.egg-info to /home/harry/Documents/Real_antosim/AntoSim/antobot_ant_description/install/antobot_ant_description/lib/python3.10/site-packages/antobot_ant_description-0.0.0-py3.10.egg-info
running install_scripts
Installing mqtt_joystick_controller script to /home/harry/Documents/Real_antosim/AntoSim/antobot_ant_description/install/antobot_ant_description/lib/antobot_ant_description
Installing ros_camera_flask script to /home/harry/Documents/Real_antosim/AntoSim/antobot_ant_description/install/antobot_ant_description/lib/antobot_ant_description
writing list of installed files to '/home/harry/Documents/Real_antosim/AntoSim/antobot_ant_description/build/antobot_ant_description/install.log'
